<?xml version="1.0" encoding="UTF-8"?>
<testsuite name="org.example.SumCalculatorTest" tests="3" skipped="0" failures="0" errors="0" timestamp="2023-10-03T13:59:47" hostname="DESKTOP-FPITUDL" time="0.016">
  <properties/>
  <testcase name="testSumWithOne()" classname="org.example.SumCalculatorTest" time="0.013"/>
  <testcase name="testSumWithZero()" classname="org.example.SumCalculatorTest" time="0.002"/>
  <testcase name="testSumWithThree()" classname="org.example.SumCalculatorTest" time="0.0"/>
  <system-out><![CDATA[]]></system-out>
  <system-err><![CDATA[]]></system-err>
</testsuite>
